<?xml version="1.0" encoding="UTF-8"?>
<!-- Generated by org.testng.reporters.JUnitReportReporter -->
<testsuite hostname="ws-a54fa245-17df-4249-8d39-b50a45749cf7" failures="0" tests="1" name="com.lambdatest.Tests.SingleTest" time="0.002" errors="0" timestamp="10 May 2021 14:24:19 GMT">
  <testcase classname="com.lambdatest.Tests.SingleTest" name="test" time="0.002"/>
</testsuite> <!-- com.lambdatest.Tests.SingleTest -->
